This is pdfTeX, Version 3.14159265-2.6-1.40.21 (TeX Live 2020/W32TeX) (preloaded format=pdflatex 2021.2.4)  6 FEB 2021 15:15
entering extended mode
 restricted \write18 enabled.
 %&-line parsing enabled.
**Introduction.tex
(./Introduction.tex
LaTeX2e <2020-10-01> patch level 4
L3 programming layer <2021-02-02>
(c:/Users/J. Aravind/AppData/Roaming/TinyTeX/texmf-dist/tex/latex/base/article.
cls
Document Class: article 2020/04/10 v1.4m Standard LaTeX document class

(c:/Users/J. Aravind/AppData/Roaming/TinyTeX/texmf-dist/tex/latex/base/size10.c
lo
File: size10.clo 2020/04/10 v1.4m Standard LaTeX file (size option)
)
\c@part=\count177
\c@section=\count178
\c@subsection=\count179
\c@subsubsection=\count180
\c@paragraph=\count181
\c@subparagraph=\count182
\c@figure=\count183
\c@table=\count184
\abovecaptionskip=\skip47
\belowcaptionskip=\skip48
\bibindent=\dimen138
)
(c:/Users/J. Aravind/AppData/Roaming/TinyTeX/texmf-dist/tex/latex/lm/lmodern.st
y
Package: lmodern 2009/10/30 v1.6 Latin Modern Fonts
LaTeX Font Info:    Overwriting symbol font `operators' in version `normal'
(Font)                  OT1/cmr/m/n --> OT1/lmr/m/n on input line 22.
LaTeX Font Info:    Overwriting symbol font `letters' in version `normal'
(Font)                  OML/cmm/m/it --> OML/lmm/m/it on input line 23.
LaTeX Font Info:    Overwriting symbol font `symbols' in version `normal'
(Font)                  OMS/cmsy/m/n --> OMS/lmsy/m/n on input line 24.
LaTeX Font Info:    Overwriting symbol font `largesymbols' in version `normal'
(Font)                  OMX/cmex/m/n --> OMX/lmex/m/n on input line 25.
LaTeX Font Info:    Overwriting symbol font `operators' in version `bold'
(Font)                  OT1/cmr/bx/n --> OT1/lmr/bx/n on input line 26.
LaTeX Font Info:    Overwriting symbol font `letters' in version `bold'
(Font)                  OML/cmm/b/it --> OML/lmm/b/it on input line 27.
LaTeX Font Info:    Overwriting symbol font `symbols' in version `bold'
(Font)                  OMS/cmsy/b/n --> OMS/lmsy/b/n on input line 28.
LaTeX Font Info:    Overwriting symbol font `largesymbols' in version `bold'
(Font)                  OMX/cmex/m/n --> OMX/lmex/m/n on input line 29.
LaTeX Font Info:    Overwriting math alphabet `\mathbf' in version `normal'
(Font)                  OT1/cmr/bx/n --> OT1/lmr/bx/n on input line 31.
LaTeX Font Info:    Overwriting math alphabet `\mathsf' in version `normal'
(Font)                  OT1/cmss/m/n --> OT1/lmss/m/n on input line 32.
LaTeX Font Info:    Overwriting math alphabet `\mathit' in version `normal'
(Font)                  OT1/cmr/m/it --> OT1/lmr/m/it on input line 33.
LaTeX Font Info:    Overwriting math alphabet `\mathtt' in version `normal'
(Font)                  OT1/cmtt/m/n --> OT1/lmtt/m/n on input line 34.
LaTeX Font Info:    Overwriting math alphabet `\mathbf' in version `bold'
(Font)                  OT1/cmr/bx/n --> OT1/lmr/bx/n on input line 35.
LaTeX Font Info:    Overwriting math alphabet `\mathsf' in version `bold'
(Font)                  OT1/cmss/bx/n --> OT1/lmss/bx/n on input line 36.
LaTeX Font Info:    Overwriting math alphabet `\mathit' in version `bold'
(Font)                  OT1/cmr/bx/it --> OT1/lmr/bx/it on input line 37.
LaTeX Font Info:    Overwriting math alphabet `\mathtt' in version `bold'
(Font)                  OT1/cmtt/m/n --> OT1/lmtt/m/n on input line 38.
)
(c:/Users/J. Aravind/AppData/Roaming/TinyTeX/texmf-dist/tex/latex/amsmath/amsma
th.sty
Package: amsmath 2020/09/23 v2.17i AMS math features
\@mathmargin=\skip49
For additional information on amsmath, use the `?' option.

(c:/Users/J. Aravind/AppData/Roaming/TinyTeX/texmf-dist/tex/latex/amsmath/amste
xt.sty
Package: amstext 2000/06/29 v2.01 AMS text

(c:/Users/J. Aravind/AppData/Roaming/TinyTeX/texmf-dist/tex/latex/amsmath/amsge
n.sty
File: amsgen.sty 1999/11/30 v2.0 generic functions
\@emptytoks=\toks15
\ex@=\dimen139
))
(c:/Users/J. Aravind/AppData/Roaming/TinyTeX/texmf-dist/tex/latex/amsmath/amsbs
y.sty
Package: amsbsy 1999/11/29 v1.2d Bold Symbols
\pmbraise@=\dimen140
)
(c:/Users/J. Aravind/AppData/Roaming/TinyTeX/texmf-dist/tex/latex/amsmath/amsop
n.sty
Package: amsopn 2016/03/08 v2.02 operator names
)
\inf@bad=\count185
LaTeX Info: Redefining \frac on input line 234.
\uproot@=\count186
\leftroot@=\count187
LaTeX Info: Redefining \overline on input line 399.
\classnum@=\count188
\DOTSCASE@=\count189
LaTeX Info: Redefining \ldots on input line 496.
LaTeX Info: Redefining \dots on input line 499.
LaTeX Info: Redefining \cdots on input line 620.
\Mathstrutbox@=\box47
\strutbox@=\box48
\big@size=\dimen141
LaTeX Font Info:    Redeclaring font encoding OML on input line 743.
LaTeX Font Info:    Redeclaring font encoding OMS on input line 744.
\macc@depth=\count190
\c@MaxMatrixCols=\count191
\dotsspace@=\muskip16
\c@parentequation=\count192
\dspbrk@lvl=\count193
\tag@help=\toks16
\row@=\count194
\column@=\count195
\maxfields@=\count196
\andhelp@=\toks17
\eqnshift@=\dimen142
\alignsep@=\dimen143
\tagshift@=\dimen144
\tagwidth@=\dimen145
\totwidth@=\dimen146
\lineht@=\dimen147
\@envbody=\toks18
\multlinegap=\skip50
\multlinetaggap=\skip51
\mathdisplay@stack=\toks19
LaTeX Info: Redefining \[ on input line 2923.
LaTeX Info: Redefining \] on input line 2924.
)
(c:/Users/J. Aravind/AppData/Roaming/TinyTeX/texmf-dist/tex/generic/iftex/ifxet
ex.sty
Package: ifxetex 2019/10/25 v0.7 ifxetex legacy package. Use iftex instead.

(c:/Users/J. Aravind/AppData/Roaming/TinyTeX/texmf-dist/tex/generic/iftex/iftex
.sty
Package: iftex 2020/03/06 v1.0d TeX engine tests
))
(c:/Users/J. Aravind/AppData/Roaming/TinyTeX/texmf-dist/tex/generic/iftex/iflua
tex.sty
Package: ifluatex 2019/10/25 v1.5 ifluatex legacy package. Use iftex instead.
)
(c:/Users/J. Aravind/AppData/Roaming/TinyTeX/texmf-dist/tex/latex/base/fontenc.
sty
Package: fontenc 2020/08/10 v2.0s Standard LaTeX package
LaTeX Font Info:    Trying to load font information for T1+lmr on input line 11
2.
(c:/Users/J. Aravind/AppData/Roaming/TinyTeX/texmf-dist/tex/latex/lm/t1lmr.fd
File: t1lmr.fd 2009/10/30 v1.6 Font defs for Latin Modern
))
(c:/Users/J. Aravind/AppData/Roaming/TinyTeX/texmf-dist/tex/latex/base/inputenc
.sty
Package: inputenc 2020/08/01 v1.3d Input encoding file
\inpenc@prehook=\toks20
\inpenc@posthook=\toks21
)
(c:/Users/J. Aravind/AppData/Roaming/TinyTeX/texmf-dist/tex/latex/base/textcomp
.sty
Package: textcomp 2020/02/02 v2.0n Standard LaTeX package
)
(c:/Users/J. Aravind/AppData/Roaming/TinyTeX/texmf-dist/tex/latex/amsfonts/amss
ymb.sty
Package: amssymb 2013/01/14 v3.01 AMS font symbols

(c:/Users/J. Aravind/AppData/Roaming/TinyTeX/texmf-dist/tex/latex/amsfonts/amsf
onts.sty
Package: amsfonts 2013/01/14 v3.01 Basic AMSFonts support
\symAMSa=\mathgroup4
\symAMSb=\mathgroup5
LaTeX Font Info:    Redeclaring math symbol \hbar on input line 98.
LaTeX Font Info:    Overwriting math alphabet `\mathfrak' in version `bold'
(Font)                  U/euf/m/n --> U/euf/b/n on input line 106.
))
(c:/Users/J. Aravind/AppData/Roaming/TinyTeX/texmf-dist/tex/latex/upquote/upquo
te.sty
Package: upquote 2012/04/19 v1.3 upright-quote and grave-accent glyphs in verba
tim
)
(c:/Users/J. Aravind/AppData/Roaming/TinyTeX/texmf-dist/tex/latex/microtype/mic
rotype.sty
Package: microtype 2020/12/07 v2.8 Micro-typographical refinements (RS)

(c:/Users/J. Aravind/AppData/Roaming/TinyTeX/texmf-dist/tex/latex/graphics/keyv
al.sty
Package: keyval 2014/10/28 v1.15 key=value parser (DPC)
\KV@toks@=\toks22
)
\MT@toks=\toks23
\MT@count=\count197
LaTeX Info: Redefining \textls on input line 788.
\MT@outer@kern=\dimen148
LaTeX Info: Redefining \textmicrotypecontext on input line 1358.
\MT@listname@count=\count198

(c:/Users/J. Aravind/AppData/Roaming/TinyTeX/texmf-dist/tex/latex/microtype/mic
rotype-pdftex.def
File: microtype-pdftex.def 2020/12/07 v2.8 Definitions specific to pdftex (RS)
LaTeX Info: Redefining \lsstyle on input line 915.
LaTeX Info: Redefining \lslig on input line 915.
\MT@outer@space=\skip52
)
Package microtype Info: Loading configuration file microtype.cfg.

(c:/Users/J. Aravind/AppData/Roaming/TinyTeX/texmf-dist/tex/latex/microtype/mic
rotype.cfg
File: microtype.cfg 2020/12/07 v2.8 microtype main configuration file (RS)
))
(c:/Users/J. Aravind/AppData/Roaming/TinyTeX/texmf-dist/tex/latex/parskip/parsk
ip.sty
Package: parskip 2020-06-15 v2.0f non-zero parskip adjustments

(c:/Users/J. Aravind/AppData/Roaming/TinyTeX/texmf-dist/tex/latex/kvoptions/kvo
ptions.sty
Package: kvoptions 2020-10-07 v3.14 Key value format for package options (HO)

(c:/Users/J. Aravind/AppData/Roaming/TinyTeX/texmf-dist/tex/generic/ltxcmds/ltx
cmds.sty
Package: ltxcmds 2020-05-10 v1.25 LaTeX kernel commands for general use (HO)
)
(c:/Users/J. Aravind/AppData/Roaming/TinyTeX/texmf-dist/tex/generic/kvsetkeys/k
vsetkeys.sty
Package: kvsetkeys 2019/12/15 v1.18 Key value parser (HO)
))
(c:/Users/J. Aravind/AppData/Roaming/TinyTeX/texmf-dist/tex/latex/etoolbox/etoo
lbox.sty
Package: etoolbox 2020/10/05 v2.5k e-TeX tools for LaTeX (JAW)
\etb@tempcnta=\count199
))
(c:/Users/J. Aravind/AppData/Roaming/TinyTeX/texmf-dist/tex/latex/xcolor/xcolor
.sty
Package: xcolor 2016/05/11 v2.12 LaTeX color extensions (UK)

(c:/Users/J. Aravind/AppData/Roaming/TinyTeX/texmf-dist/tex/latex/graphics-cfg/
color.cfg
File: color.cfg 2016/01/02 v1.6 sample color configuration
)
Package xcolor Info: Driver file: pdftex.def on input line 225.

(c:/Users/J. Aravind/AppData/Roaming/TinyTeX/texmf-dist/tex/latex/graphics-def/
pdftex.def
File: pdftex.def 2020/10/05 v1.2a Graphics/color driver for pdftex
)
(c:/Users/J. Aravind/AppData/Roaming/TinyTeX/texmf-dist/tex/latex/colortbl/colo
rtbl.sty
Package: colortbl 2020/01/04 v1.0e Color table columns (DPC)

(c:/Users/J. Aravind/AppData/Roaming/TinyTeX/texmf-dist/tex/latex/tools/array.s
ty
Package: array 2020/10/01 v2.5c Tabular extension package (FMi)
\col@sep=\dimen149
\ar@mcellbox=\box49
\extrarowheight=\dimen150
\NC@list=\toks24
\extratabsurround=\skip53
\backup@length=\skip54
\ar@cellbox=\box50
)
\everycr=\toks25
\minrowclearance=\skip55
)
\rownum=\count266
Package xcolor Info: Model `cmy' substituted by `cmy0' on input line 1348.
Package xcolor Info: Model `hsb' substituted by `rgb' on input line 1352.
Package xcolor Info: Model `RGB' extended on input line 1364.
Package xcolor Info: Model `HTML' substituted by `rgb' on input line 1366.
Package xcolor Info: Model `Hsb' substituted by `hsb' on input line 1367.
Package xcolor Info: Model `tHsb' substituted by `hsb' on input line 1368.
Package xcolor Info: Model `HSB' substituted by `hsb' on input line 1369.
Package xcolor Info: Model `Gray' substituted by `gray' on input line 1370.
Package xcolor Info: Model `wave' substituted by `hsb' on input line 1371.
)
(c:/Users/J. Aravind/AppData/Roaming/TinyTeX/texmf-dist/tex/latex/hyperref/hype
rref.sty
Package: hyperref 2020-05-15 v7.00e Hypertext links for LaTeX

(c:/Users/J. Aravind/AppData/Roaming/TinyTeX/texmf-dist/tex/generic/pdftexcmds/
pdftexcmds.sty
Package: pdftexcmds 2020-06-27 v0.33 Utility functions of pdfTeX for LuaTeX (HO
)

(c:/Users/J. Aravind/AppData/Roaming/TinyTeX/texmf-dist/tex/generic/infwarerr/i
nfwarerr.sty
Package: infwarerr 2019/12/03 v1.5 Providing info/warning/error messages (HO)
)
Package pdftexcmds Info: \pdf@primitive is available.
Package pdftexcmds Info: \pdf@ifprimitive is available.
Package pdftexcmds Info: \pdfdraftmode found.
)
(c:/Users/J. Aravind/AppData/Roaming/TinyTeX/texmf-dist/tex/generic/kvdefinekey
s/kvdefinekeys.sty
Package: kvdefinekeys 2019-12-19 v1.6 Define keys (HO)
)
(c:/Users/J. Aravind/AppData/Roaming/TinyTeX/texmf-dist/tex/generic/pdfescape/p
dfescape.sty
Package: pdfescape 2019/12/09 v1.15 Implements pdfTeX's escape features (HO)
)
(c:/Users/J. Aravind/AppData/Roaming/TinyTeX/texmf-dist/tex/latex/hycolor/hycol
or.sty
Package: hycolor 2020-01-27 v1.10 Color options for hyperref/bookmark (HO)
)
(c:/Users/J. Aravind/AppData/Roaming/TinyTeX/texmf-dist/tex/latex/letltxmacro/l
etltxmacro.sty
Package: letltxmacro 2019/12/03 v1.6 Let assignment for LaTeX macros (HO)
)
(c:/Users/J. Aravind/AppData/Roaming/TinyTeX/texmf-dist/tex/latex/auxhook/auxho
ok.sty
Package: auxhook 2019-12-17 v1.6 Hooks for auxiliary files (HO)
)
\@linkdim=\dimen151
\Hy@linkcounter=\count267
\Hy@pagecounter=\count268

(c:/Users/J. Aravind/AppData/Roaming/TinyTeX/texmf-dist/tex/latex/hyperref/pd1e
nc.def
File: pd1enc.def 2020-05-15 v7.00e Hyperref: PDFDocEncoding definition (HO)
Now handling font encoding PD1 ...
... no UTF-8 mapping file for font encoding PD1
)
(c:/Users/J. Aravind/AppData/Roaming/TinyTeX/texmf-dist/tex/generic/intcalc/int
calc.sty
Package: intcalc 2019/12/15 v1.3 Expandable calculations with integers (HO)
)
(c:/Users/J. Aravind/AppData/Roaming/TinyTeX/texmf-dist/tex/generic/etexcmds/et
excmds.sty
Package: etexcmds 2019/12/15 v1.7 Avoid name clashes with e-TeX commands (HO)
)
\Hy@SavedSpaceFactor=\count269
Package hyperref Info: Option `unicode' set `true' on input line 4338.

(c:/Users/J. Aravind/AppData/Roaming/TinyTeX/texmf-dist/tex/latex/hyperref/puen
c.def
File: puenc.def 2020-05-15 v7.00e Hyperref: PDF Unicode definition (HO)
Now handling font encoding PU ...
... no UTF-8 mapping file for font encoding PU
)
Package hyperref Info: Hyper figures OFF on input line 4464.
Package hyperref Info: Link nesting OFF on input line 4469.
Package hyperref Info: Hyper index ON on input line 4472.
Package hyperref Info: Plain pages OFF on input line 4479.
Package hyperref Info: Backreferencing OFF on input line 4484.
Package hyperref Info: Implicit mode ON; LaTeX internals redefined.
Package hyperref Info: Bookmarks ON on input line 4717.
\c@Hy@tempcnt=\count270
(c:/Users/J. Aravind/AppData/Roaming/TinyTeX/texmf-dist/tex/latex/url/url.sty
\Urlmuskip=\muskip17
Package: url 2013/09/16  ver 3.4  Verb mode for urls, etc.
)
LaTeX Info: Redefining \url on input line 5076.
\XeTeXLinkMargin=\dimen152

(c:/Users/J. Aravind/AppData/Roaming/TinyTeX/texmf-dist/tex/generic/bitset/bits
et.sty
Package: bitset 2019/12/09 v1.3 Handle bit-vector datatype (HO)

(c:/Users/J. Aravind/AppData/Roaming/TinyTeX/texmf-dist/tex/generic/bigintcalc/
bigintcalc.sty
Package: bigintcalc 2019/12/15 v1.5 Expandable calculations on big integers (HO
)
))
\Fld@menulength=\count271
\Field@Width=\dimen153
\Fld@charsize=\dimen154
Package hyperref Info: Hyper figures OFF on input line 6347.
Package hyperref Info: Link nesting OFF on input line 6352.
Package hyperref Info: Hyper index ON on input line 6355.
Package hyperref Info: backreferencing OFF on input line 6362.
Package hyperref Info: Link coloring OFF on input line 6367.
Package hyperref Info: Link coloring with OCG OFF on input line 6372.
Package hyperref Info: PDF/A mode OFF on input line 6377.
LaTeX Info: Redefining \ref on input line 6417.
LaTeX Info: Redefining \pageref on input line 6421.

(c:/Users/J. Aravind/AppData/Roaming/TinyTeX/texmf-dist/tex/latex/base/atbegshi
-ltx.sty
Package: atbegshi-ltx 2020/08/17 v1.0a Emulation of the original atbegshi packa
ge
with kernel methods
)
\Hy@abspage=\count272
\c@Item=\count273
\c@Hfootnote=\count274
)
Package hyperref Info: Driver (autodetected): hpdftex.

(c:/Users/J. Aravind/AppData/Roaming/TinyTeX/texmf-dist/tex/latex/hyperref/hpdf
tex.def
File: hpdftex.def 2020-05-15 v7.00e Hyperref driver for pdfTeX

(c:/Users/J. Aravind/AppData/Roaming/TinyTeX/texmf-dist/tex/latex/base/atveryen
d-ltx.sty
Package: atveryend-ltx 2020/08/19 v1.0a Emulation of the original atvery packag
e
with kernel methods
)
\Fld@listcount=\count275
\c@bookmark@seq@number=\count276

(c:/Users/J. Aravind/AppData/Roaming/TinyTeX/texmf-dist/tex/latex/rerunfilechec
k/rerunfilecheck.sty
Package: rerunfilecheck 2019/12/05 v1.9 Rerun checks for auxiliary files (HO)

(c:/Users/J. Aravind/AppData/Roaming/TinyTeX/texmf-dist/tex/generic/uniquecount
er/uniquecounter.sty
Package: uniquecounter 2019/12/15 v1.4 Provide unlimited unique counter (HO)
)
Package uniquecounter Info: New unique counter `rerunfilecheck' on input line 2
86.
)
\Hy@SectionHShift=\skip56
)
(c:/Users/J. Aravind/AppData/Roaming/TinyTeX/texmf-dist/tex/latex/geometry/geom
etry.sty
Package: geometry 2020/01/02 v5.9 Page Geometry

(c:/Users/J. Aravind/AppData/Roaming/TinyTeX/texmf-dist/tex/generic/iftex/ifvte
x.sty
Package: ifvtex 2019/10/25 v1.7 ifvtex legacy package. Use iftex instead.
)
\Gm@cnth=\count277
\Gm@cntv=\count278
\c@Gm@tempcnt=\count279
\Gm@bindingoffset=\dimen155
\Gm@wd@mp=\dimen156
\Gm@odd@mp=\dimen157
\Gm@even@mp=\dimen158
\Gm@layoutwidth=\dimen159
\Gm@layoutheight=\dimen160
\Gm@layouthoffset=\dimen161
\Gm@layoutvoffset=\dimen162
\Gm@dimlist=\toks26
)
(c:/Users/J. Aravind/AppData/Roaming/TinyTeX/texmf-dist/tex/latex/fancyvrb/fanc
yvrb.sty
Package: fancyvrb 2021/01/20 v3.7 verbatim text (tvz,hv)
\FV@CodeLineNo=\count280
\FV@InFile=\read2
\FV@TabBox=\box51
\c@FancyVerbLine=\count281
\FV@StepNumber=\count282
\FV@OutFile=\write3
)
(c:/Users/J. Aravind/AppData/Roaming/TinyTeX/texmf-dist/tex/latex/framed/framed
.sty
Package: framed 2011/10/22 v 0.96: framed or shaded text with page breaks
\OuterFrameSep=\skip57
\fb@frw=\dimen163
\fb@frh=\dimen164
\FrameRule=\dimen165
\FrameSep=\dimen166
)
(c:/Users/J. Aravind/AppData/Roaming/TinyTeX/texmf-dist/tex/latex/tools/longtab
le.sty
Package: longtable 2020/01/07 v4.13 Multi-page Table package (DPC)
\LTleft=\skip58
\LTright=\skip59
\LTpre=\skip60
\LTpost=\skip61
\LTchunksize=\count283
\LTcapwidth=\dimen167
\LT@head=\box52
\LT@firsthead=\box53
\LT@foot=\box54
\LT@lastfoot=\box55
\LT@cols=\count284
\LT@rows=\count285
\c@LT@tables=\count286
\c@LT@chunks=\count287
\LT@p@ftn=\toks27
)
(c:/Users/J. Aravind/AppData/Roaming/TinyTeX/texmf-dist/tex/latex/booktabs/book
tabs.sty
Package: booktabs 2020/01/12 v1.61803398 Publication quality tables
\heavyrulewidth=\dimen168
\lightrulewidth=\dimen169
\cmidrulewidth=\dimen170
\belowrulesep=\dimen171
\belowbottomsep=\dimen172
\aboverulesep=\dimen173
\abovetopsep=\dimen174
\cmidrulesep=\dimen175
\cmidrulekern=\dimen176
\defaultaddspace=\dimen177
\@cmidla=\count288
\@cmidlb=\count289
\@aboverulesep=\dimen178
\@belowrulesep=\dimen179
\@thisruleclass=\count290
\@lastruleclass=\count291
\@thisrulewidth=\dimen180
)
(c:/Users/J. Aravind/AppData/Roaming/TinyTeX/texmf-dist/tex/latex/tools/calc.st
y
Package: calc 2017/05/25 v4.3 Infix arithmetic (KKT,FJ)
\calc@Acount=\count292
\calc@Bcount=\count293
\calc@Adimen=\dimen181
\calc@Bdimen=\dimen182
\calc@Askip=\skip62
\calc@Bskip=\skip63
LaTeX Info: Redefining \setlength on input line 80.
LaTeX Info: Redefining \addtolength on input line 81.
\calc@Ccount=\count294
\calc@Cskip=\skip64
)
(c:/Users/J. Aravind/AppData/Roaming/TinyTeX/texmf-dist/tex/latex/mdwtools/foot
note.sty
Package: footnote 1997/01/28 1.13 Save footnotes around boxes
\fn@notes=\box56
\fn@width=\dimen183
)
(c:/Users/J. Aravind/AppData/Roaming/TinyTeX/texmf-dist/tex/latex/graphics/grap
hicx.sty
Package: graphicx 2020/09/09 v1.2b Enhanced LaTeX Graphics (DPC,SPQR)

(c:/Users/J. Aravind/AppData/Roaming/TinyTeX/texmf-dist/tex/latex/graphics/grap
hics.sty
Package: graphics 2020/08/30 v1.4c Standard LaTeX Graphics (DPC,SPQR)

(c:/Users/J. Aravind/AppData/Roaming/TinyTeX/texmf-dist/tex/latex/graphics/trig
.sty
Package: trig 2016/01/03 v1.10 sin cos tan (DPC)
)
(c:/Users/J. Aravind/AppData/Roaming/TinyTeX/texmf-dist/tex/latex/graphics-cfg/
graphics.cfg
File: graphics.cfg 2016/06/04 v1.11 sample graphics configuration
)
Package graphics Info: Driver file: pdftex.def on input line 105.
)
\Gin@req@height=\dimen184
\Gin@req@width=\dimen185
)
(c:/Users/J. Aravind/AppData/Roaming/TinyTeX/texmf-dist/tex/latex/fancyhdr/fanc
yhdr.sty
Package: fancyhdr 2021/01/04 v4.0 Extensive control of page headers and footers

\f@nch@headwidth=\skip65
\f@nch@O@elh=\skip66
\f@nch@O@erh=\skip67
\f@nch@O@olh=\skip68
\f@nch@O@orh=\skip69
\f@nch@O@elf=\skip70
\f@nch@O@erf=\skip71
\f@nch@O@olf=\skip72
\f@nch@O@orf=\skip73
)
(c:/Users/J. Aravind/AppData/Roaming/TinyTeX/texmf-dist/tex/latex/wrapfig/wrapf
ig.sty
\wrapoverhang=\dimen186
\WF@size=\dimen187
\c@WF@wrappedlines=\count295
\WF@box=\box57
\WF@everypar=\toks28
Package: wrapfig 2003/01/31  v 3.6
)

Package fancyhdr Warning: \fancyhead's `E' option without twoside option is use
less on input line 116.

Package hyperref Info: Option `colorlinks' set `true' on input line 119.

(c:/Users/J. Aravind/AppData/Roaming/TinyTeX/texmf-dist/tex/latex/pdflscape/pdf
lscape.sty
Package: pdflscape 2019/12/05 v0.12 Display of landscape pages in PDF (HO)

(c:/Users/J. Aravind/AppData/Roaming/TinyTeX/texmf-dist/tex/latex/graphics/lsca
pe.sty
Package: lscape 2020/05/28 v3.02 Landscape Pages (DPC)
)
Package pdflscape Info: Auto-detected driver: pdftex on input line 81.
)

Package fancyhdr Warning: \fancyhead's `E' option without twoside option is use
less on input line 127.

\cslhangindent=\skip74
\csllabelwidth=\skip75

(c:/Users/J. Aravind/AppData/Roaming/TinyTeX/texmf-dist/tex/latex/l3backend/l3b
ackend-pdftex.def
File: l3backend-pdftex.def 2020-01-29 L3 backend support: PDF output (pdfTeX)
\l__color_backend_stack_int=\count296
\l__pdf_internal_box=\box58
) (./Introduction.aux)
\openout1 = `Introduction.aux'.

LaTeX Font Info:    Checking defaults for OML/cmm/m/it on input line 157.
LaTeX Font Info:    ... okay on input line 157.
LaTeX Font Info:    Checking defaults for OMS/cmsy/m/n on input line 157.
LaTeX Font Info:    ... okay on input line 157.
LaTeX Font Info:    Checking defaults for OT1/cmr/m/n on input line 157.
LaTeX Font Info:    ... okay on input line 157.
LaTeX Font Info:    Checking defaults for T1/cmr/m/n on input line 157.
LaTeX Font Info:    ... okay on input line 157.
LaTeX Font Info:    Checking defaults for TS1/cmr/m/n on input line 157.
LaTeX Font Info:    ... okay on input line 157.
LaTeX Font Info:    Checking defaults for OMX/cmex/m/n on input line 157.
LaTeX Font Info:    ... okay on input line 157.
LaTeX Font Info:    Checking defaults for U/cmr/m/n on input line 157.
LaTeX Font Info:    ... okay on input line 157.
LaTeX Font Info:    Checking defaults for PD1/pdf/m/n on input line 157.
LaTeX Font Info:    ... okay on input line 157.
LaTeX Font Info:    Checking defaults for PU/pdf/m/n on input line 157.
LaTeX Font Info:    ... okay on input line 157.
LaTeX Info: Redefining \microtypecontext on input line 157.
Package microtype Info: Generating PDF output.
Package microtype Info: Character protrusion enabled (level 2).
Package microtype Info: Using protrusion set `basicmath'.
Package microtype Info: Automatic font expansion enabled (level 2),
(microtype)             stretch: 20, shrink: 20, step: 1, non-selected.
Package microtype Info: Using default expansion set `alltext-nott'.
LaTeX Info: Redefining \showhyphens on input line 157.
Package microtype Info: No adjustment of tracking.
Package microtype Info: No adjustment of interword spacing.
Package microtype Info: No adjustment of character kerning.

(c:/Users/J. Aravind/AppData/Roaming/TinyTeX/texmf-dist/tex/latex/microtype/mt-
cmr.cfg
File: mt-cmr.cfg 2013/05/19 v2.2 microtype config. file: Computer Modern Roman 
(RS)
)
(c:/Users/J. Aravind/AppData/Roaming/TinyTeX/texmf-dist/tex/latex/epstopdf-pkg/
epstopdf-base.sty
Package: epstopdf-base 2020-01-24 v2.11 Base part for package epstopdf
Package epstopdf-base Info: Redefining graphics rule for `.eps' on input line 4
85.

(c:/Users/J. Aravind/AppData/Roaming/TinyTeX/texmf-dist/tex/latex/latexconfig/e
pstopdf-sys.cfg
File: epstopdf-sys.cfg 2010/07/13 v1.3 Configuration of (r)epstopdf for TeX Liv
e
))
Package hyperref Info: Link coloring ON on input line 157.

(c:/Users/J. Aravind/AppData/Roaming/TinyTeX/texmf-dist/tex/latex/hyperref/name
ref.sty
Package: nameref 2019/09/16 v2.46 Cross-referencing by name of section

(c:/Users/J. Aravind/AppData/Roaming/TinyTeX/texmf-dist/tex/latex/refcount/refc
ount.sty
Package: refcount 2019/12/15 v3.6 Data extraction from label references (HO)
)
(c:/Users/J. Aravind/AppData/Roaming/TinyTeX/texmf-dist/tex/generic/gettitlestr
ing/gettitlestring.sty
Package: gettitlestring 2019/12/15 v1.6 Cleanup title references (HO)
)
\c@section@level=\count297
)
LaTeX Info: Redefining \ref on input line 157.
LaTeX Info: Redefining \pageref on input line 157.
LaTeX Info: Redefining \nameref on input line 157.
(./Introduction.out) (./Introduction.out)
\@outlinefile=\write4
\openout4 = `Introduction.out'.

*geometry* driver: auto-detecting
*geometry* detected driver: pdftex
*geometry* verbose mode - [ preamble ] result:
* driver: pdftex
* paper: <default>
* layout: <same size as paper>
* layoutoffset:(h,v)=(0.0pt,0.0pt)
* modes: 
* h-part:(L,W,R)=(72.26999pt, 469.75502pt, 72.26999pt)
* v-part:(T,H,B)=(72.26999pt, 650.43001pt, 72.26999pt)
* \paperwidth=614.295pt
* \paperheight=794.96999pt
* \textwidth=469.75502pt
* \textheight=650.43001pt
* \oddsidemargin=0.0pt
* \evensidemargin=0.0pt
* \topmargin=-37.0pt
* \headheight=12.0pt
* \headsep=25.0pt
* \topskip=10.0pt
* \footskip=30.0pt
* \marginparwidth=65.0pt
* \marginparsep=11.0pt
* \columnsep=10.0pt
* \skip\footins=9.0pt plus 4.0pt minus 2.0pt
* \hoffset=0.0pt
* \voffset=0.0pt
* \mag=1000
* \@twocolumnfalse
* \@twosidefalse
* \@mparswitchfalse
* \@reversemarginfalse
* (1in=72.27pt=25.4mm, 1cm=28.453pt)

LaTeX Font Info:    Trying to load font information for T1+lmtt on input line 1
59.
(c:/Users/J. Aravind/AppData/Roaming/TinyTeX/texmf-dist/tex/latex/lm/t1lmtt.fd
File: t1lmtt.fd 2009/10/30 v1.6 Font defs for Latin Modern
)
LaTeX Font Info:    Trying to load font information for OT1+lmr on input line 1
59.
(c:/Users/J. Aravind/AppData/Roaming/TinyTeX/texmf-dist/tex/latex/lm/ot1lmr.fd
File: ot1lmr.fd 2009/10/30 v1.6 Font defs for Latin Modern
)
LaTeX Font Info:    Trying to load font information for OML+lmm on input line 1
59.
(c:/Users/J. Aravind/AppData/Roaming/TinyTeX/texmf-dist/tex/latex/lm/omllmm.fd
File: omllmm.fd 2009/10/30 v1.6 Font defs for Latin Modern
)
LaTeX Font Info:    Trying to load font information for OMS+lmsy on input line 
159.

(c:/Users/J. Aravind/AppData/Roaming/TinyTeX/texmf-dist/tex/latex/lm/omslmsy.fd
File: omslmsy.fd 2009/10/30 v1.6 Font defs for Latin Modern
)
LaTeX Font Info:    Trying to load font information for OMX+lmex on input line 
159.

(c:/Users/J. Aravind/AppData/Roaming/TinyTeX/texmf-dist/tex/latex/lm/omxlmex.fd
File: omxlmex.fd 2009/10/30 v1.6 Font defs for Latin Modern
)
LaTeX Font Info:    External font `lmex10' loaded for size
(Font)              <12> on input line 159.
LaTeX Font Info:    External font `lmex10' loaded for size
(Font)              <8> on input line 159.
LaTeX Font Info:    External font `lmex10' loaded for size
(Font)              <6> on input line 159.
LaTeX Font Info:    Trying to load font information for U+msa on input line 159
.

(c:/Users/J. Aravind/AppData/Roaming/TinyTeX/texmf-dist/tex/latex/amsfonts/umsa
.fd
File: umsa.fd 2013/01/14 v3.01 AMS symbols A
)
(c:/Users/J. Aravind/AppData/Roaming/TinyTeX/texmf-dist/tex/latex/microtype/mt-
msa.cfg
File: mt-msa.cfg 2006/02/04 v1.1 microtype config. file: AMS symbols (a) (RS)
)
LaTeX Font Info:    Trying to load font information for U+msb on input line 159
.

(c:/Users/J. Aravind/AppData/Roaming/TinyTeX/texmf-dist/tex/latex/amsfonts/umsb
.fd
File: umsb.fd 2013/01/14 v3.01 AMS symbols B
)
(c:/Users/J. Aravind/AppData/Roaming/TinyTeX/texmf-dist/tex/latex/microtype/mt-
msb.cfg
File: mt-msb.cfg 2005/06/01 v1.0 microtype config. file: AMS symbols (b) (RS)
) (./Introduction.toc
LaTeX Font Info:    External font `lmex10' loaded for size
(Font)              <10> on input line 1.
LaTeX Font Info:    External font `lmex10' loaded for size
(Font)              <7> on input line 1.
LaTeX Font Info:    External font `lmex10' loaded for size
(Font)              <5> on input line 1.
)
\tf@toc=\write5
\openout5 = `Introduction.toc'.

<C:/Users/J. Aravind/Documents/R/win-library/4.1/ammistability/extdata/ammistab
ility.png, id=64, 125.0271pt x 144.54pt>
File: C:/Users/J. Aravind/Documents/R/win-library/4.1/ammistability/extdata/amm
istability.png Graphic file (type png)
<use C:/Users/J. Aravind/Documents/R/win-library/4.1/ammistability/extdata/ammi
stability.png>
Package pdftex.def Info: C:/Users/J. Aravind/Documents/R/win-library/4.1/ammist
ability/extdata/ammistability.png  used on input line 179.
(pdftex.def)             Requested size: 125.0325pt x 144.54623pt.
[1

{c:/Users/J. Aravind/AppData/Roaming/TinyTeX/texmf-var/fonts/map/pdftex/updmap/
pdftex.map} <c:/Users/J. Aravind/Documents/R/win-library/4.1/ammistability/extd
ata/ammistability.png>]
LaTeX Font Info:    Trying to load font information for TS1+lmtt on input line 
212.

(c:/Users/J. Aravind/AppData/Roaming/TinyTeX/texmf-dist/tex/latex/lm/ts1lmtt.fd
File: ts1lmtt.fd 2009/10/30 v1.6 Font defs for Latin Modern
) [2

]
Overfull \hbox (17.99997pt too wide) in alignment at lines 303--318
 [] [] [] [] 
 []


Overfull \hbox (17.99997pt too wide) in alignment at lines 318--595
 [] [] [] [] 
 []

[3

] [4] [5]
LaTeX Font Info:    Font shape `T1/lmtt/bx/n' in size <10> not available
(Font)              Font shape `T1/lmtt/b/n' tried instead on input line 635.
[6

] [7] [8] [9] [10] [11] [12] [13] [14] [15] [16] [17] [18] [19] [20] [21] [22] 
[23] [24] [25] [26] [27] [28] [29] [30] [31] [32] [33] [34] [35] [36] [37] [38]
<Introduction_files/figure-latex/runCode-1.pdf, id=387, 469.755pt x 325.215pt>
File: Introduction_files/figure-latex/runCode-1.pdf Graphic file (type pdf)
<use Introduction_files/figure-latex/runCode-1.pdf>
Package pdftex.def Info: Introduction_files/figure-latex/runCode-1.pdf  used on
 input line 2808.
(pdftex.def)             Requested size: 469.75386pt x 325.2142pt.
[39]
<Introduction_files/figure-latex/runCode-2.pdf, id=392, 469.755pt x 325.215pt>
File: Introduction_files/figure-latex/runCode-2.pdf Graphic file (type pdf)
<use Introduction_files/figure-latex/runCode-2.pdf>
Package pdftex.def Info: Introduction_files/figure-latex/runCode-2.pdf  used on
 input line 2814.
(pdftex.def)             Requested size: 469.75386pt x 325.2142pt.
[40 <./Introduction_files/figure-latex/runCode-1.pdf>]
<Introduction_files/figure-latex/runCode-3.pdf, id=403, 469.755pt x 325.215pt>
File: Introduction_files/figure-latex/runCode-3.pdf Graphic file (type pdf)
<use Introduction_files/figure-latex/runCode-3.pdf>
Package pdftex.def Info: Introduction_files/figure-latex/runCode-3.pdf  used on
 input line 2820.
(pdftex.def)             Requested size: 469.75386pt x 325.2142pt.
[41 <./Introduction_files/figure-latex/runCode-2.pdf>]
<Introduction_files/figure-latex/runCode-4.pdf, id=414, 469.755pt x 325.215pt>
File: Introduction_files/figure-latex/runCode-4.pdf Graphic file (type pdf)
<use Introduction_files/figure-latex/runCode-4.pdf>
Package pdftex.def Info: Introduction_files/figure-latex/runCode-4.pdf  used on
 input line 2826.
(pdftex.def)             Requested size: 469.75386pt x 325.2142pt.
[42 <./Introduction_files/figure-latex/runCode-3.pdf>]
<Introduction_files/figure-latex/runCode-5.pdf, id=425, 469.755pt x 325.215pt>
File: Introduction_files/figure-latex/runCode-5.pdf Graphic file (type pdf)
<use Introduction_files/figure-latex/runCode-5.pdf>
Package pdftex.def Info: Introduction_files/figure-latex/runCode-5.pdf  used on
 input line 2832.
(pdftex.def)             Requested size: 469.75386pt x 325.2142pt.
[43 <./Introduction_files/figure-latex/runCode-4.pdf>]
<Introduction_files/figure-latex/runCode-6.pdf, id=441, 469.755pt x 325.215pt>
File: Introduction_files/figure-latex/runCode-6.pdf Graphic file (type pdf)
<use Introduction_files/figure-latex/runCode-6.pdf>
Package pdftex.def Info: Introduction_files/figure-latex/runCode-6.pdf  used on
 input line 2838.
(pdftex.def)             Requested size: 469.75386pt x 325.2142pt.
[44 <./Introduction_files/figure-latex/runCode-5.pdf>]
<Introduction_files/figure-latex/runCode-7.pdf, id=455, 469.755pt x 325.215pt>
File: Introduction_files/figure-latex/runCode-7.pdf Graphic file (type pdf)
<use Introduction_files/figure-latex/runCode-7.pdf>
Package pdftex.def Info: Introduction_files/figure-latex/runCode-7.pdf  used on
 input line 2844.
(pdftex.def)             Requested size: 469.75386pt x 325.2142pt.
[45 <./Introduction_files/figure-latex/runCode-6.pdf>]
LaTeX Font Info:    Font shape `T1/lmtt/bx/n' in size <12> not available
(Font)              Font shape `T1/lmtt/b/n' tried instead on input line 2848.

Overfull \hbox (212.743pt too wide) in paragraph at lines 2892--2892
[]  \T1/lmtt/m/n/10 http://www.isgpb.org/article/ammistability-r-package-for-ra
nking-genotypes-based-on-stability-parameters-derived-from-ammi-model[] 
 []


Overfull \hbox (154.99316pt too wide) in paragraph at lines 2892--2892
[]    \T1/lmtt/m/n/10 title = {ammistability: {R} package for ranking genotypes
 based on stability parameters derived from {AMMI} model},[] 
 []


Overfull \hbox (270.49283pt too wide) in paragraph at lines 2892--2892
[]    \T1/lmtt/m/n/10 url = {http://www.isgpb.org/article/ammistability-r-packa
ge-for-ranking-genotypes-based-on-stability-parameters-derived-from-ammi-model}
,[] 
 []

[46 <./Introduction_files/figure-latex/runCode-7.pdf>]
Overfull \hbox (102.49332pt too wide) in paragraph at lines 2892--2892
[]    \T1/lmtt/m/n/10 title = {ammistability: Additive Main Effects and Multipl
icative Interaction Model Stability Parameters},[] 
 []

[47]
LaTeX Font Info:    Trying to load font information for TS1+lmr on input line 3
021.
(c:/Users/J. Aravind/AppData/Roaming/TinyTeX/texmf-dist/tex/latex/lm/ts1lmr.fd
File: ts1lmr.fd 2009/10/30 v1.6 Font defs for Latin Modern
) [48] [49] (./Introduction.aux)
Package rerunfilecheck Info: File `Introduction.out' has not changed.
(rerunfilecheck)             Checksum: 0CB875BBCB58EB8E4C1BA6474BD314AE;1395.
 ) 
Here is how much of TeX's memory you used:
 13936 strings out of 481251
 211159 string characters out of 5913866
 566537 words of memory out of 5000000
 30325 multiletter control sequences out of 15000+600000
 468766 words of font info for 150 fonts, out of 8000000 for 9000
 14 hyphenation exceptions out of 8191
 71i,12n,74p,517b,543s stack positions out of 5000i,500n,10000p,200000b,80000s
{c:/Users/J. Aravind/AppData/Roaming/TinyTeX/texmf-dist/fonts/enc/dvips/lm/lm
-ts1.enc}{c:/Users/J. Aravind/AppData/Roaming/TinyTeX/texmf-dist/fonts/enc/dvip
s/lm/lm-ec.enc}{c:/Users/J. Aravind/AppData/Roaming/TinyTeX/texmf-dist/fonts/en
c/dvips/lm/lm-mathit.enc}{c:/Users/J. Aravind/AppData/Roaming/TinyTeX/texmf-dis
t/fonts/enc/dvips/lm/lm-mathsy.enc}{c:/Users/J. Aravind/AppData/Roaming/TinyTeX
/texmf-dist/fonts/enc/dvips/lm/lm-rm.enc}{c:/Users/J. Aravind/AppData/Roaming/T
inyTeX/texmf-dist/fonts/enc/dvips/lm/lm-mathex.enc}<c:/Users/J. Aravind/AppData
/Roaming/TinyTeX/texmf-dist/fonts/type1/public/lm/lmbx10.pfb><c:/Users/J. Aravi
nd/AppData/Roaming/TinyTeX/texmf-dist/fonts/type1/public/lm/lmbx12.pfb><c:/User
s/J. Aravind/AppData/Roaming/TinyTeX/texmf-dist/fonts/type1/public/lm/lmex10.pf
b><c:/Users/J. Aravind/AppData/Roaming/TinyTeX/texmf-dist/fonts/type1/public/lm
/lmmi10.pfb><c:/Users/J. Aravind/AppData/Roaming/TinyTeX/texmf-dist/fonts/type1
/public/lm/lmmi5.pfb><c:/Users/J. Aravind/AppData/Roaming/TinyTeX/texmf-dist/fo
nts/type1/public/lm/lmmi6.pfb><c:/Users/J. Aravind/AppData/Roaming/TinyTeX/texm
f-dist/fonts/type1/public/lm/lmmi7.pfb><c:/Users/J. Aravind/AppData/Roaming/Tin
yTeX/texmf-dist/fonts/type1/public/lm/lmmi8.pfb><c:/Users/J. Aravind/AppData/Ro
aming/TinyTeX/texmf-dist/fonts/type1/public/lm/lmr10.pfb><c:/Users/J. Aravind/A
ppData/Roaming/TinyTeX/texmf-dist/fonts/type1/public/lm/lmr12.pfb><c:/Users/J. 
Aravind/AppData/Roaming/TinyTeX/texmf-dist/fonts/type1/public/lm/lmr17.pfb><c:/
Users/J. Aravind/AppData/Roaming/TinyTeX/texmf-dist/fonts/type1/public/lm/lmr6.
pfb><c:/Users/J. Aravind/AppData/Roaming/TinyTeX/texmf-dist/fonts/type1/public/
lm/lmr7.pfb><c:/Users/J. Aravind/AppData/Roaming/TinyTeX/texmf-dist/fonts/type1
/public/lm/lmr8.pfb><c:/Users/J. Aravind/AppData/Roaming/TinyTeX/texmf-dist/fon
ts/type1/public/lm/lmri10.pfb><c:/Users/J. Aravind/AppData/Roaming/TinyTeX/texm
f-dist/fonts/type1/public/lm/lmro10.pfb><c:/Users/J. Aravind/AppData/Roaming/Ti
nyTeX/texmf-dist/fonts/type1/public/lm/lmsy5.pfb><c:/Users/J. Aravind/AppData/R
oaming/TinyTeX/texmf-dist/fonts/type1/public/lm/lmsy6.pfb><c:/Users/J. Aravind/
AppData/Roaming/TinyTeX/texmf-dist/fonts/type1/public/lm/lmsy8.pfb><c:/Users/J.
 Aravind/AppData/Roaming/TinyTeX/texmf-dist/fonts/type1/public/lm/lmtk10.pfb><c
:/Users/J. Aravind/AppData/Roaming/TinyTeX/texmf-dist/fonts/type1/public/lm/lmt
t10.pfb><c:/Users/J. Aravind/AppData/Roaming/TinyTeX/texmf-dist/fonts/type1/pub
lic/lm/lmtt12.pfb><c:/Users/J. Aravind/AppData/Roaming/TinyTeX/texmf-dist/fonts
/type1/public/lm/lmtt8.pfb><c:/Users/J. Aravind/AppData/Roaming/TinyTeX/texmf-d
ist/fonts/type1/public/lm/lmtti10.pfb><c:/Users/J. Aravind/AppData/Roaming/Tiny
TeX/texmf-dist/fonts/type1/public/lm/lmtto10.pfb>
Output written on Introduction.pdf (49 pages, 637985 bytes).
PDF statistics:
 631 PDF objects out of 1000 (max. 8388607)
 528 compressed objects within 6 object streams
 131 named destinations out of 1000 (max. 500000)
 34937 words of extra memory for PDF output out of 35830 (max. 10000000)

